**DONE INFO:root:Failed to Find 1871 - BS1 - Boston Red Stockings
**DONE INFO:root:Failed to Find 1871 - CH1 - Chicago White Stockings
**DONE INFO:root:Failed to Find 1871 - CL1 - Cleveland Forest Citys
**DONE INFO:root:Failed to Find 1871 - FW1 - Fort Wayne Kekiongas
**DONE INFO:root:Failed to Find 1871 - NY2 - New York Mutuals
**DONE INFO:root:Failed to Find 1871 - PH1 - Philadelphia Athletics
**DONE INFO:root:Failed to Find 1871 - RC1 - Rockford Forest Citys
**DONE INFO:root:Failed to Find 1871 - TRO - Troy Haymakers
**DONE INFO:root:Failed to Find 1871 - WS3 - Washington Olympics

**DONE INFO:root:Failed to Find 1872 - BL1 - Baltimore Canaries
**DONE INFO:root:Failed to Find 1872 - BS1 - Boston Red Stockings
**DONE INFO:root:Failed to Find 1872 - BR2 - Brooklyn Atlantics
**DONE INFO:root:Failed to Find 1872 - BR1 - Brooklyn Eckfords
**DONE INFO:root:Failed to Find 1872 - CL1 - Cleveland Forest Citys
**DONE INFO:root:Failed to Find 1872 - MID - Middletown Mansfields ---- UNKNOWN LOGO
**DONE INFO:root:Failed to Find 1872 - NY2 - New York Mutuals
**DONE INFO:root:Failed to Find 1872 - PH1 - Philadelphia Athletics
**DONE INFO:root:Failed to Find 1872 - TRO - Troy Haymakers
**DONE INFO:root:Failed to Find 1872 - WS4 - Washington Nationals  ---- UNKNOWN LOGO
**DONE INFO:root:Failed to Find 1872 - WS3 - Washington Olympics

**DONE INFO:root:Failed to Find 1873 - BL1 - Baltimore Canaries
**DONE INFO:root:Failed to Find 1873 - BL4 - Baltimore Marylands   ---- UNKNOWN LOGO
**DONE INFO:root:Failed to Find 1873 - BS1 - Boston Red Stockings
**DONE INFO:root:Failed to Find 1873 - BR2 - Brooklyn Atlantics
**DONE INFO:root:Failed to Find 1873 - ELI - Elizabeth Resolutes
**DONE INFO:root:Failed to Find 1873 - NY2 - New York Mutuals
**DONE INFO:root:Failed to Find 1873 - PH1 - Philadelphia Athletics
**DONE INFO:root:Failed to Find 1873 - PH2 - Philadelphia Whites    ---- UNKNOWN LOGO
**DONE INFO:root:Failed to Find 1873 - WS5 - Washington Blue Legs   ---- UNKNOWN LOGO

**DONE INFO:root:Failed to Find 1874 - BL1 - Baltimore Canaries
**DONE INFO:root:Failed to Find 1874 - BS1 - Boston Red Stockings
**DONE INFO:root:Failed to Find 1874 - BR2 - Brooklyn Atlantics
**DONE INFO:root:Failed to Find 1874 - CH2 - Chicago White Stockings
**DONE INFO:root:Failed to Find 1874 - HR1 - Hartford Dark Blues
**DONE INFO:root:Failed to Find 1874 - NY2 - New York Mutuals
**DONE INFO:root:Failed to Find 1874 - PH1 - Philadelphia Athletics
**DONE INFO:root:Failed to Find 1874 - PH2 - Philadelphia Whites        ---- UNKNOWN LOGO

**DONE INFO:root:Failed to Find 1875 - BS1 - Boston Red Stockings
**DONE INFO:root:Failed to Find 1875 - BR2 - Brooklyn Atlantics
**DONE INFO:root:Failed to Find 1875 - CH2 - Chicago White Stockings
**DONE INFO:root:Failed to Find 1875 - HR1 - Hartford Dark Blues
**DONE INFO:root:Failed to Find 1875 - KEO - Keokuk Westerns
**DONE INFO:root:Failed to Find 1875 - NH1 - New Haven Elm Citys
**DONE INFO:root:Failed to Find 1875 - NY2 - New York Mutuals
**DONE INFO:root:Failed to Find 1875 - PH1 - Philadelphia Athletics
**DONE INFO:root:Failed to Find 1875 - PH3 - Philadelphia Centennials   ---- UNKNOWN LOGO
**DONE INFO:root:Failed to Find 1875 - PH2 - Philadelphia Whites        ---- UNKNOWN LOGO
**DONE INFO:root:Failed to Find 1875 - SL2 - St. Louis Brown Stockings
**DONE INFO:root:Failed to Find 1875 - SL1 - St. Louis Red Stockings    ---UNKNOWN LOGO
**DONE INFO:root:Failed to Find 1875 - WS6 - Washington Nationals   ---UNKNOWN LOGO

**DONE INFO:root:Failed to Find 1876 - BSN - Boston Red Caps
**DONE INFO:root:Failed to Find 1876 - CHN - Chicago White Stockings
**DONE INFO:root:Failed to Find 1876 - CN1 - Cincinnati Reds
**DONE INFO:root:Failed to Find 1876 - HAR - Hartford Dark Blues
**DONE INFO:root:Failed to Find 1876 - LS1 - Louisville Grays
**DONE INFO:root:Failed to Find 1876 - NY3 - New York Mutuals
**DONE INFO:root:Failed to Find 1876 - PHN - Philadelphia Athletics
**DONE INFO:root:Failed to Find 1876 - SL3 - St. Louis Brown Stockings

**DONE INFO:root:Failed to Find 1877 - BSN - Boston Red Caps
**DONE INFO:root:Failed to Find 1877 - CHN - Chicago White Stockings
**DONE INFO:root:Failed to Find 1877 - CN1 - Cincinnati Reds
**DONE INFO:root:Failed to Find 1877 - HAR - Hartford Dark Blues
**DONE INFO:root:Failed to Find 1877 - LS1 - Louisville Grays
**DONE INFO:root:Failed to Find 1877 - SL3 - St. Louis Brown Stockings

**DONE INFO:root:Failed to Find 1878 - BSN - Boston Red Caps
**DONE INFO:root:Failed to Find 1878 - CHN - Chicago White Stockings
**DONE INFO:root:Failed to Find 1878 - CN1 - Cincinnati Reds
**DONE INFO:root:Failed to Find 1878 - IN1 - Indianapolis Blues
**DONE INFO:root:Failed to Find 1878 - ML2 - Milwaukee Grays   --UNKNOWN LOGO
**DONE INFO:root:Failed to Find 1878 - PRO - Providence Grays

**DONE INFO:root:Failed to Find 1879 - BSN - Boston Red Caps
**DONE INFO:root:Failed to Find 1879 - BFN - Buffalo Bisons
**DONE INFO:root:Failed to Find 1879 - CHN - Chicago White Stockings
**DONE INFO:root:Failed to Find 1879 - CN1 - Cincinnati Reds
**DONE INFO:root:Failed to Find 1879 - CL2 - Cleveland Blues
**DONE INFO:root:Failed to Find 1879 - PRO - Providence Grays
**DONE INFO:root:Failed to Find 1879 - SR1 - Syracuse Stars
**DONE INFO:root:Failed to Find 1879 - TRN - Troy Trojans

**DONE INFO:root:Failed to Find 1880 - BSN - Boston Red Caps
**DONE INFO:root:Failed to Find 1880 - BFN - Buffalo Bisons
**DONE INFO:root:Failed to Find 1880 - CHN - Chicago White Stockings
**DONE INFO:root:Failed to Find 1880 - CN1 - Cincinnati Reds
**DONE INFO:root:Failed to Find 1880 - CL2 - Cleveland Blues
**DONE INFO:root:Failed to Find 1880 - PRO - Providence Grays
**DONE INFO:root:Failed to Find 1880 - TRN - Troy Trojans
**DONE INFO:root:Failed to Find 1880 - WOR - Worcester Ruby Legs

**DONE INFO:root:Failed to Find 1881 - BSN - Boston Red Caps
**DONE INFO:root:Failed to Find 1881 - BFN - Buffalo Bisons
**DONE INFO:root:Failed to Find 1881 - CHN - Chicago White Stockings
**DONE INFO:root:Failed to Find 1881 - CL2 - Cleveland Blues
**DONE INFO:root:Failed to Find 1881 - DTN - Detroit Wolverines
**DONE INFO:root:Failed to Find 1881 - PRO - Providence Grays
**DONE INFO:root:Failed to Find 1881 - TRN - Troy Trojans
**DONE INFO:root:Failed to Find 1881 - WOR - Worcester Ruby Legs

**DONE INFO:root:Failed to Find 1882 - BSN - Boston Red Caps
**DONE INFO:root:Failed to Find 1882 - BL2 - Baltimore Orioles
**DONE INFO:root:Failed to Find 1882 - BFN - Buffalo Bisons
**DONE INFO:root:Failed to Find 1882 - CHN - Chicago White Stockings
**DONE INFO:root:Failed to Find 1882 - CN2 - Cincinnati Red Stockings
**DONE INFO:root:Failed to Find 1882 - CL2 - Cleveland Blues
**DONE INFO:root:Failed to Find 1882 - DTN - Detroit Wolverines
**DONE INFO:root:Failed to Find 1882 - LS2 - Louisville Eclipse
**DONE INFO:root:Failed to Find 1882 - PH4 - Philadelphia Athletics
**DONE INFO:root:Failed to Find 1882 - PT1 - Pittsburg Alleghenys
**DONE INFO:root:Failed to Find 1882 - PRO - Providence Grays
**DONE INFO:root:Failed to Find 1882 - SL4 - St. Louis Brown Stockings
**DONE INFO:root:Failed to Find 1882 - TRN - Troy Trojans
**DONE INFO:root:Failed to Find 1882 - WOR - Worcester Ruby Legs

**DONE INFO:root:Failed to Find 1883 - BL2 - Baltimore Orioles
**DONE INFO:root:Failed to Find 1883 - BFN - Buffalo Bisons
**DONE INFO:root:Failed to Find 1883 - CHN - Chicago White Stockings
**DONE INFO:root:Failed to Find 1883 - CN2 - Cincinnati Red Stockings
**DONE INFO:root:Failed to Find 1883 - CL2 - Cleveland Blues
**DONE INFO:root:Failed to Find 1883 - CL5 - Columbus Buckeyes
**DONE INFO:root:Failed to Find 1883 - DTN - Detroit Wolverines
**DONE INFO:root:Failed to Find 1883 - LS2 - Louisville Eclipse
**DONE INFO:root:Failed to Find 1883 - NY4 - New York Metropolitans
**DONE INFO:root:Failed to Find 1883 - PH4 - Philadelphia Athletics
**DONE INFO:root:Failed to Find 1883 - PHI - Philadelphia Quakers
**DONE INFO:root:Failed to Find 1883 - PT1 - Pittsburg Alleghenys
**DONE INFO:root:Failed to Find 1883 - PRO - Providence Grays
**DONE INFO:root:Failed to Find 1883 - NY1 - New York Gothams
**DONE INFO:root:Failed to Find 1883 - SL4 - St. Louis Browns

**DONE INFO:root:Failed to Find 1884 - ALT - Altoona Mountain City   --- UNKNOWN LOGO
**DONE INFO:root:Failed to Find 1884 - BLU - Baltimore Monumentals   --- UNKNOWN LOGO
**DONE INFO:root:Failed to Find 1884 - BL2 - Baltimore Orioles
**DONE INFO:root:Failed to Find 1884 - BSU - Boston Reds
**DONE INFO:root:Failed to Find 1884 - BFN - Buffalo Bisons
**DONE INFO:root:Failed to Find 1884 - CHN - Chicago White Stockings
**DONE INFO:root:Failed to Find 1884 - CHU - Chicago/Pittsburgh (Union League) --- UNKNOWN LOGO
**DONE INFO:root:Failed to Find 1884 - CNU - Cincinnati Outlaw Reds    --- UNKNOWN LOGO
**DONE INFO:root:Failed to Find 1884 - CN2 - Cincinnati Red Stockings
**DONE INFO:root:Failed to Find 1884 - CL2 - Cleveland Blues
**DONE INFO:root:Failed to Find 1884 - CL5 - Columbus Buckeyes
**DONE INFO:root:Failed to Find 1884 - DTN - Detroit Wolverines
**DONE INFO:root:Failed to Find 1884 - IN2 - Indianapolis Hoosiers     --- UNKNOWN LOGO
**DONE INFO:root:Failed to Find 1884 - KCU - Kansas City Cowboys
**DONE INFO:root:Failed to Find 1884 - BR3 - Brooklyn Atlantics
**DONE INFO:root:Failed to Find 1884 - LS2 - Louisville Eclipse
**DONE INFO:root:Failed to Find 1884 - MLU - Milwaukee Brewers      --- UNKNOWN LOGO
**DONE INFO:root:Failed to Find 1884 - NY4 - New York Metropolitans
**DONE INFO:root:Failed to Find 1884 - PH4 - Philadelphia Athletics
**DONE INFO:root:Failed to Find 1884 - PHU - Philadelphia Keystones
**DONE INFO:root:Failed to Find 1884 - PHI - Philadelphia Quakers
**DONE INFO:root:Failed to Find 1884 - PT1 - Pittsburg Alleghenys
**DONE INFO:root:Failed to Find 1884 - PRO - Providence Grays
**DONE INFO:root:Failed to Find 1884 - RIC - Richmond Virginians
**DONE INFO:root:Failed to Find 1884 - NY1 - New York Gothams
**DONE INFO:root:Failed to Find 1884 - SL4 - St. Louis Browns
**DONE INFO:root:Failed to Find 1884 - SLU - St. Louis Maroons
**DONE INFO:root:Failed to Find 1884 - SPU - St. Paul White Caps
**DONE INFO:root:Failed to Find 1884 - TL1 - Toledo Blue Stockings
**DONE INFO:root:Failed to Find 1884 - WSU - Washington Nationals   --- UNKNOWN LOGO
**DONE INFO:root:Failed to Find 1884 - WS7 - Washington Nationals    --- UNKNOWN LOGO
**DONE INFO:root:Failed to Find 1884 - WIL - Wilmington Quicksteps  --- UNKNOWN LOGO

**DONE INFO:root:Failed to Find 1885 - BL2 - Baltimore Orioles
**DONE INFO:root:Failed to Find 1885 - BFN - Buffalo Bisons
**DONE INFO:root:Failed to Find 1885 - CHN - Chicago White Stockings
**DONE INFO:root:Failed to Find 1885 - CN2 - Cincinnati Red Stockings
**DONE INFO:root:Failed to Find 1885 - DTN - Detroit Wolverines
**DONE INFO:root:Failed to Find 1885 - BR3 - Brooklyn Grays
**DONE INFO:root:Failed to Find 1885 - LS2 - Louisville Colonels
**DONE INFO:root:Failed to Find 1885 - NY4 - New York Metropolitans
**DONE INFO:root:Failed to Find 1885 - PH4 - Philadelphia Athletics
**DONE INFO:root:Failed to Find 1885 - PHI - Philadelphia Quakers
**DONE INFO:root:Failed to Find 1885 - PT1 - Pittsburg Alleghenys
**DONE INFO:root:Failed to Find 1885 - PRO - Providence Grays
**DONE INFO:root:Failed to Find 1885 - NY1 - New York Giants
**DONE INFO:root:Failed to Find 1885 - SL4 - St. Louis Browns
**DONE INFO:root:Failed to Find 1885 - SL5 - St. Louis Maroons

**DONE INFO:root:Failed to Find 1886 - BL2 - Baltimore Orioles
**DONE INFO:root:Failed to Find 1886 - CHN - Chicago White Stockings
**DONE INFO:root:Failed to Find 1886 - CN2 - Cincinnati Red Stockings
**DONE INFO:root:Failed to Find 1886 - DTN - Detroit Wolverines
**DONE INFO:root:Failed to Find 1886 - KCN - Kansas City Cowboys
**dONE INFO:root:Failed to Find 1886 - BR3 - Brooklyn Grays
**DONE INFO:root:Failed to Find 1886 - LS2 - Louisville Colonels
**DONE INFO:root:Failed to Find 1886 - NY4 - New York Metropolitans
**DONE INFO:root:Failed to Find 1886 - PH4 - Philadelphia Athletics
**DONE INFO:root:Failed to Find 1886 - PHI - Philadelphia Quakers
**DONE INFO:root:Failed to Find 1886 - PT1 - Pittsburg Alleghenys
**DONE INFO:root:Failed to Find 1886 - NY1 - New York Giants
**DONE INFO:root:Failed to Find 1886 - SL4 - St. Louis Browns
**DONE INFO:root:Failed to Find 1886 - SL5 - St. Louis Maroons
**DONE INFO:root:Failed to Find 1886 - WS8 - Washington Nationals

**DONE INFO:root:Failed to Find 1887 - BL2 - Baltimore Orioles
**DONE INFO:root:Failed to Find 1887 - CHN - Chicago White Stockings
**DONE INFO:root:Failed to Find 1887 - CN2 - Cincinnati Red Stockings
INFO:root:Failed to Find 1887 - CL3 - Cleveland Blues
**DONE INFO:root:Failed to Find 1887 - DTN - Detroit Wolverines
**DONE INFO:root:Failed to Find 1887 - IN3 - Indianapolis Hoosiers
**DONE INFO:root:Failed to Find 1887 - BR3 - Brooklyn Grays
**DONE INFO:root:Failed to Find 1887 - LS2 - Louisville Colonels
**DONE INFO:root:Failed to Find 1887 - NY4 - New York Metropolitans
**DONE INFO:root:Failed to Find 1887 - PH4 - Philadelphia Athletics
**DONE INFO:root:Failed to Find 1887 - PHI - Philadelphia Quakers
**DONE INFO:root:Failed to Find 1887 - PIT - Pittsburg Alleghenys
**dONE INFO:root:Failed to Find 1887 - NY1 - New York Giants
**DONE INFO:root:Failed to Find 1887 - SL4 - St. Louis Browns
**DONE INFO:root:Failed to Find 1887 - WS8 - Washington Nationals

**DONE INFO:root:Failed to Find 1888 - BL2 - Baltimore Orioles
**DONE INFO:root:Failed to Find 1888 - CHN - Chicago White Stockings
**DONE INFO:root:Failed to Find 1888 - CN2 - Cincinnati Red Stockings
INFO:root:Failed to Find 1888 - CL3 - Cleveland Blues
**DONE INFO:root:Failed to Find 1888 - DTN - Detroit Wolverines
**DONE INFO:root:Failed to Find 1888 - IN3 - Indianapolis Hoosiers
INFO:root:Failed to Find 1888 - KC2 - Kansas City Cowboys
**DONE INFO:root:Failed to Find 1888 - BR3 - Brooklyn Bridegrooms
**DONE INFO:root:Failed to Find 1888 - LS2 - Louisville Colonels
**DONE INFO:root:Failed to Find 1888 - PH4 - Philadelphia Athletics
**DONE INFO:root:Failed to Find 1888 - PHI - Philadelphia Quakers
**DONE INFO:root:Failed to Find 1888 - PIT - Pittsburg Alleghenys
**DONE INFO:root:Failed to Find 1888 - NY1 - New York Giants
** DONE INFO:root:Failed to Find 1888 - SL4 - St. Louis Browns
**DONE INFO:root:Failed to Find 1888 - WS8 - Washington Nationals

**DONE INFO:root:Failed to Find 1889 - BL2 - Baltimore Orioles
**DONE INFO:root:Failed to Find 1889 - CHN - Chicago White Stockings
**DONE INFO:root:Failed to Find 1889 - CN2 - Cincinnati Red Stockings
INFO:root:Failed to Find 1889 - CL4 - Cleveland Spiders
INFO:root:Failed to Find 1889 - CL6 - Columbus Solons
**DONE INFO:root:Failed to Find 1889 - IN3 - Indianapolis Hoosiers
INFO:root:Failed to Find 1889 - KC2 - Kansas City Cowboys
**DONE INFO:root:Failed to Find 1889 - BR3 - Brooklyn Bridegrooms
**DONE INFO:root:Failed to Find 1889 - LS2 - Louisville Colonels
**DONE INFO:root:Failed to Find 1889 - PH4 - Philadelphia Athletics
**DONE INFO:root:Failed to Find 1889 - PHI - Philadelphia Quakers
**DONE INFO:root:Failed to Find 1889 - PIT - Pittsburg Alleghenys
**dONE INFO:root:Failed to Find 1889 - NY1 - New York Giants
**DONE INFO:root:Failed to Find 1889 - SL4 - St. Louis Browns
**DONE INFO:root:Failed to Find 1889 - WS8 - Washington Nationals

**DONE INFO:root:Failed to Find 1890 - BL3 - Baltimore Orioles
INFO:root:Failed to Find 1890 - BSP - Boston Reds
INFO:root:Failed to Find 1890 - BR4 - Brooklyn Gladiators
INFO:root:Failed to Find 1890 - BRP - Brooklyn Ward's Wonders
INFO:root:Failed to Find 1890 - BFP - Buffalo Bisons
**DONE INFO:root:Failed to Find 1890 - CHN - Chicago Colts
INFO:root:Failed to Find 1890 - CHP - Chicago Pirates
INFO:root:Failed to Find 1890 - CLP - Cleveland Infants
INFO:root:Failed to Find 1890 - CL4 - Cleveland Spiders
INFO:root:Failed to Find 1890 - CL6 - Columbus Solons
**DONE INFO:root:Failed to Find 1890 - BRO - Brooklyn Bridegrooms
**DONE INFO:root:Failed to Find 1890 - LS2 - Louisville Colonels
**DONE INFO:root:Failed to Find 1890 - NYP - New York Giants
**DONE INFO:root:Failed to Find 1890 - PH4 - Philadelphia Athletics
**DONE INFO:root:Failed to Find 1890 - PHP - Philadelphia Athletics
**DONE INFO:root:Failed to Find 1890 - PHI - Philadelphia Phillies
INFO:root:Failed to Find 1890 - PTP - Pittsburgh Burghers
**DONE INFO:root:Failed to Find 1890 - PIT - Pittsburg Alleghenys
INFO:root:Failed to Find 1890 - RC2 - Rochester Broncos
**DONE INFO:root:Failed to Find 1890 - NY1 - New York Giants
**DONE INFO:root:Failed to Find 1890 - SL4 - St. Louis Browns
INFO:root:Failed to Find 1890 - SR2 - Syracuse Stars
INFO:root:Failed to Find 1890 - TL2 - Toledo Maumees

**DONE INFO:root:Failed to Find 1891 - BL3 - Baltimore Orioles
INFO:root:Failed to Find 1891 - BS2 - Boston Reds
**DONE INFO:root:Failed to Find 1891 - CHN - Chicago Colts
INFO:root:Failed to Find 1891 - CN3 - Cincinnati Kelly's Killers
INFO:root:Failed to Find 1891 - CL4 - Cleveland Spiders
INFO:root:Failed to Find 1891 - CL6 - Columbus Solons
**DONE INFO:root:Failed to Find 1891 - BRO - Brooklyn Grooms
**DONE INFO:root:Failed to Find 1891 - LS2 - Louisville Colonels
INFO:root:Failed to Find 1891 - ML3 - Milwaukee Brewers
**DONE INFO:root:Failed to Find 1891 - PH4 - Philadelphia Athletics
**DONE INFO:root:Failed to Find 1891 - PHI - Philadelphia Phillies
**DONE INFO:root:Failed to Find 1891 - PIT - Pittsburgh Pirates
**dONE INFO:root:Failed to Find 1891 - NY1 - New York Giants
**DONE INFO:root:Failed to Find 1891 - SL4 - St. Louis Browns
INFO:root:Failed to Find 1891 - WS9 - Washington Statesmen

**DONE INFO:root:Failed to Find 1892 - BLN - Baltimore Orioles
**DONE INFO:root:Failed to Find 1892 - CHN - Chicago Colts
INFO:root:Failed to Find 1892 - CL4 - Cleveland Spiders
**DONE INFO:root:Failed to Find 1892 - BRO - Brooklyn Grooms
**DONE INFO:root:Failed to Find 1892 - LS3 - Louisville Colonels
**DONE INFO:root:Failed to Find 1892 - PHI - Philadelphia Phillies
**DONE INFO:root:Failed to Find 1892 - PIT - Pittsburgh Pirates
**DONE INFO:root:Failed to Find 1892 - NY1 - New York Giants
**DONE INFO:root:Failed to Find 1892 - SLN - St. Louis Browns
INFO:root:Failed to Find 1892 - WAS - Washington Senators

**DONE INFO:root:Failed to Find 1893 - BLN - Baltimore Orioles
**DONE INFO:root:Failed to Find 1893 - CHN - Chicago Colts
INFO:root:Failed to Find 1893 - CL4 - Cleveland Spiders
**DONE INFO:root:Failed to Find 1893 - BRO - Brooklyn Grooms
**DONE INFO:root:Failed to Find 1893 - LS3 - Louisville Colonels
**DONE INFO:root:Failed to Find 1893 - PHI - Philadelphia Phillies
**DONE INFO:root:Failed to Find 1893 - PIT - Pittsburgh Pirates
**DONE INFO:root:Failed to Find 1893 - NY1 - New York Giants
**DONE INFO:root:Failed to Find 1893 - SLN - St. Louis Browns
INFO:root:Failed to Find 1893 - WAS - Washington Senators

**DONE INFO:root:Failed to Find 1894 - BLN - Baltimore Orioles
**DONE INFO:root:Failed to Find 1894 - CHN - Chicago Colts
INFO:root:Failed to Find 1894 - CL4 - Cleveland Spiders
INFO:root:Failed to Find 1894 - BRO - Brooklyn Grooms
**DONE INFO:root:Failed to Find 1894 - LS3 - Louisville Colonels
**DONE INFO:root:Failed to Find 1894 - PHI - Philadelphia Phillies
**DONE INFO:root:Failed to Find 1894 - PIT - Pittsburgh Pirates
**DONE INFO:root:Failed to Find 1894 - NY1 - New York Giants
**DONE INFO:root:Failed to Find 1894 - SLN - St. Louis Browns
INFO:root:Failed to Find 1894 - WAS - Washington Senators

**DONE INFO:root:Failed to Find 1895 - BLN - Baltimore Orioles
**DONE INFO:root:Failed to Find 1895 - CHN - Chicago Colts
INFO:root:Failed to Find 1895 - CL4 - Cleveland Spiders
**DONE INFO:root:Failed to Find 1895 - BRO - Brooklyn Grooms
**DONE INFO:root:Failed to Find 1895 - LS3 - Louisville Colonels
**DONE INFO:root:Failed to Find 1895 - PHI - Philadelphia Phillies
**DONE INFO:root:Failed to Find 1895 - PIT - Pittsburgh Pirates
**DONE INFO:root:Failed to Find 1895 - NY1 - New York Giants
**DONE INFO:root:Failed to Find 1895 - SLN - St. Louis Browns
INFO:root:Failed to Find 1895 - WAS - Washington Senators

**DONE INFO:root:Failed to Find 1896 - BLN - Baltimore Orioles
**DONE INFO:root:Failed to Find 1896 - CHN - Chicago Colts
INFO:root:Failed to Find 1896 - CL4 - Cleveland Spiders
**DONE INFO:root:Failed to Find 1896 - BRO - Brooklyn Bridegrooms
**DONE INFO:root:Failed to Find 1896 - LS3 - Louisville Colonels
**DONE INFO:root:Failed to Find 1896 - PHI - Philadelphia Phillies
**DONE INFO:root:Failed to Find 1896 - PIT - Pittsburgh Pirates
**DONE INFO:root:Failed to Find 1896 - NY1 - New York Giants
**DONE INFO:root:Failed to Find 1896 - SLN - St. Louis Browns
INFO:root:Failed to Find 1896 - WAS - Washington Senators

**DONE INFO:root:Failed to Find 1897 - BLN - Baltimore Orioles
**DONE INFO:root:Failed to Find 1897 - CHN - Chicago Colts
INFO:root:Failed to Find 1897 - CL4 - Cleveland Spiders
**DONE INFO:root:Failed to Find 1897 - BRO - Brooklyn Bridegrooms
**DONE INFO:root:Failed to Find 1897 - LS3 - Louisville Colonels
**dONE INFO:root:Failed to Find 1897 - PHI - Philadelphia Phillies
**DONE INFO:root:Failed to Find 1897 - PIT - Pittsburgh Pirates
**DONE INFO:root:Failed to Find 1897 - NY1 - New York Giants
**DONE INFO:root:Failed to Find 1897 - SLN - St. Louis Browns
INFO:root:Failed to Find 1897 - WAS - Washington Senators

**DONE INFO:root:Failed to Find 1898 - BLN - Baltimore Orioles
**DONE INFO:root:Failed to Find 1898 - CHN - Chicago Orphans
INFO:root:Failed to Find 1898 - CL4 - Cleveland Spiders
**DONE INFO:root:Failed to Find 1898 - BRO - Brooklyn Bridegrooms
**DONE INFO:root:Failed to Find 1898 - LS3 - Louisville Colonels
**DONE INFO:root:Failed to Find 1898 - PHI - Philadelphia Phillies
**DONE INFO:root:Failed to Find 1898 - PIT - Pittsburgh Pirates
**DONE INFO:root:Failed to Find 1898 - NY1 - New York Giants
INFO:root:Failed to Find 1898 - SLN - St. Louis Browns
INFO:root:Failed to Find 1898 - WAS - Washington Senators

**DONE INFO:root:Failed to Find 1899 - BLN - Baltimore Orioles
**DONE INFO:root:Failed to Find 1899 - CHN - Chicago Orphans
INFO:root:Failed to Find 1899 - CL4 - Cleveland Spiders
**DONE INFO:root:Failed to Find 1899 - LS3 - Louisville Colonels
**dONE INFO:root:Failed to Find 1899 - PHI - Philadelphia Phillies
**DONE INFO:root:Failed to Find 1899 - PIT - Pittsburgh Pirates
**DONE INFO:root:Failed to Find 1899 - NY1 - New York Giants
**DONE INFO:root:Failed to Find 1899 - SLN - St. Louis Perfectos
INFO:root:Failed to Find 1899 - WAS - Washington Senators

INFO:root:Failed to Find 1914 - BLF - Baltimore Terrapins
INFO:root:Failed to Find 1914 - BRF - Brooklyn Tip-Tops
INFO:root:Failed to Find 1914 - BUF - Buffalo Buffeds
INFO:root:Failed to Find 1914 - CHF - Chicago Chi-Feds
INFO:root:Failed to Find 1914 - KCF - Kansas City Packers
INFO:root:Failed to Find 1914 - IND - Indianapolis Hoosiers
INFO:root:Failed to Find 1914 - PTF - Pittsburgh Rebels
INFO:root:Failed to Find 1914 - SLF - St. Louis Terriers

INFO:root:Failed to Find 1915 - BLF - Baltimore Terrapins
INFO:root:Failed to Find 1915 - BRF - Brooklyn Tip-Tops
INFO:root:Failed to Find 1915 - BUF - Buffalo Blues
INFO:root:Failed to Find 1915 - CHN - Chicago Cubs
INFO:root:Failed to Find 1915 - CHF - Chicago Whales
INFO:root:Failed to Find 1915 - KCF - Kansas City Packers
INFO:root:Failed to Find 1915 - NEW - Newark Pepper
INFO:root:Failed to Find 1915 - PTF - Pittsburgh Rebels
INFO:root:Failed to Find 1915 - SLF - St. Louis Terriers
